<?xml version="1.0" encoding="UTF-8"?>
<!-- Generated by org.testng.reporters.JUnitReportReporter -->
<testsuite hostname="user-PC" failures="0" tests="1" name="functional.api.scripts.API001_VerifyApi" time="10.418" errors="0" timestamp="2022-12-02T03:34:40 IST" skipped="0">
  <testcase classname="functional.api.scripts.API001_VerifyApi" name="searchTruck" time="10.418"/>
  <system-out/>
</testsuite> <!-- functional.api.scripts.API001_VerifyApi -->
