<?xml version="1.0" encoding="UTF-8"?>
<!-- Generated by org.testng.reporters.JUnitReportReporter -->
<testsuite hostname="user-PC" failures="0" tests="1" name="functional.mytrips.scripts.MyTrips001_VerifyTripsList" time="253.590" errors="0" timestamp="2022-11-13T22:50:45 IST" skipped="0">
  <testcase classname="functional.mytrips.scripts.MyTrips001_VerifyTripsList" name="reviewPriceDetails" time="253.590"/>
  <system-out/>
</testsuite> <!-- functional.mytrips.scripts.MyTrips001_VerifyTripsList -->
