<?xml version="1.0" encoding="UTF-8"?>
<!-- Generated by org.testng.reporters.JUnitReportReporter -->
<testsuite hostname="user-PC" failures="0" tests="1" name="functional.loaddetails.scripts.LoadDetails001_VerifyLoadDetails" time="118.865" errors="0" timestamp="2022-11-07T04:46:11 IST" skipped="0">
  <testcase classname="functional.loaddetails.scripts.LoadDetails001_VerifyLoadDetails" name="reviewBookingDetails" time="118.865"/>
  <system-out/>
</testsuite> <!-- functional.loaddetails.scripts.LoadDetails001_VerifyLoadDetails -->
