<?xml version="1.0" encoding="UTF-8"?>
<!-- Generated by org.testng.reporters.JUnitReportReporter -->
<testsuite hostname="user-PC" failures="0" tests="1" name="functional.login.scripts.Login001VerifyLogin" time="66.379" errors="0" timestamp="2023-01-14T07:23:35 IST" skipped="0">
  <testcase classname="functional.login.scripts.Login001VerifyLogin" name="verifyLogin" time="66.379"/>
  <system-out/>
</testsuite> <!-- functional.login.scripts.Login001VerifyLogin -->
