<?xml version="1.0" encoding="UTF-8"?>
<!-- Generated by org.testng.reporters.JUnitReportReporter -->
<testsuite hostname="user-PC" failures="0" tests="1" name="functional.androiddashboard.scripts.ANDDashboard001_VerifyRoute" time="32.644" errors="0" timestamp="2022-11-30T06:56:35 IST" skipped="0">
  <testcase classname="functional.androiddashboard.scripts.ANDDashboard001_VerifyRoute" name="reviewRouteDetails" time="32.644"/>
  <system-out/>
</testsuite> <!-- functional.androiddashboard.scripts.ANDDashboard001_VerifyRoute -->
